<?xml version="1.0" encoding="UTF-8"?>
<testsuite xmlns:xsi="http://www.w3.org/2001/XMLSchema-instance" xsi:noNamespaceSchemaLocation="https://maven.apache.org/surefire/maven-surefire-plugin/xsd/surefire-test-report.xsd" version="3.0.2" name="PackageIntegration.TestGoogle" time="15.104" tests="1" errors="0" skipped="0" failures="0">
  <properties>
[...]
</properties>
  <testcase name="testBusquedaBootstrap" classname="PackageIntegration.TestGoogle" time="14.059">
    <system-out><![CDATA[Título actual: bootstrap - Búsqueda
]]></system-out>
    <system-err><![CDATA[[main] INFO io.github.bonigarcia.wdm.WebDriverManager - Using chromedriver 142.0.7444.175 (resolved driver for Chrome 142)
[main] INFO io.github.bonigarcia.wdm.WebDriverManager - Exporting webdriver.chrome.driver as C:\Users\galex\.cache\selenium\chromedriver\win64\142.0.7444.175\chromedriver.exe
]]></system-err>
  </testcase>
</testsuite>